<?xml version="1.0" encoding="UTF-8" ?>
<testsuite tests="19" failures="5" name="TestSuite" time="13.057" errors="0" skipped="14">
  <properties>
[...]
</properties>
  <testcase classname="com.demoaut.tests.FindFlightPageTest" name="setUp" time="0.673">
    <failure message="The driver executable does not exist: C:\Users\pinou\Documents\QA  tester\JAVA JAR FILES\chromedriver.exe" type="java.lang.IllegalStateException">java.lang.IllegalStateException: The driver executable does not exist: C:\Users\pinou\Documents\QA  tester\JAVA JAR FILES\chromedriver.exe
	at com.google.common.base.Preconditions.checkState(Preconditions.java:585)
	at org.openqa.selenium.remote.service.DriverService.checkExecutable(DriverService.java:146)
	at org.openqa.selenium.remote.service.DriverService.findExecutable(DriverService.java:141)
	at org.openqa.selenium.chrome.ChromeDriverService.access$000(ChromeDriverService.java:35)
	at org.openqa.selenium.chrome.ChromeDriverService$Builder.findDefaultExecutable(ChromeDriverService.java:159)
	at org.openqa.selenium.remote.service.DriverService$Builder.build(DriverService.java:355)
	at org.openqa.selenium.chrome.ChromeDriverService.createDefaultService(ChromeDriverService.java:94)
	at org.openqa.selenium.chrome.ChromeDriver.&lt;init&gt;(ChromeDriver.java:123)
	at com.demoaut.base.TestBase.initializeBrowser(TestBase.java:56)
	at com.demoaut.tests.FindFlightPageTest.setUp(FindFlightPageTest.java:21)
</failure>
    <system-out>Configuring TestNG with: org.apache.maven.surefire.testng.conf.TestNG652Configurator@2f333739
</system-out>
  </testcase>
  <testcase classname="com.demoaut.tests.FindFlightPageTest" name="verifyFindFlightsPageTitleTest" time="0.674">
    <skipped/>
  </testcase>
  <testcase classname="com.demoaut.tests.FindFlightPageTest" name="parame" time="0.674">
    <skipped/>
  </testcase>
  <testcase classname="com.demoaut.tests.LoginPageTest" name="setUp" time="0.677">
    <failure message="The driver executable does not exist: C:\Users\pinou\Documents\QA  tester\JAVA JAR FILES\chromedriver.exe" type="java.lang.IllegalStateException">java.lang.IllegalStateException: The driver executable does not exist: C:\Users\pinou\Documents\QA  tester\JAVA JAR FILES\chromedriver.exe
	at com.google.common.base.Preconditions.checkState(Preconditions.java:585)
	at org.openqa.selenium.remote.service.DriverService.checkExecutable(DriverService.java:146)
	at org.openqa.selenium.remote.service.DriverService.findExecutable(DriverService.java:141)
	at org.openqa.selenium.chrome.ChromeDriverService.access$000(ChromeDriverService.java:35)
	at org.openqa.selenium.chrome.ChromeDriverService$Builder.findDefaultExecutable(ChromeDriverService.java:159)
	at org.openqa.selenium.remote.service.DriverService$Builder.build(DriverService.java:355)
	at org.openqa.selenium.chrome.ChromeDriverService.createDefaultService(ChromeDriverService.java:94)
	at org.openqa.selenium.chrome.ChromeDriver.&lt;init&gt;(ChromeDriver.java:123)
	at com.demoaut.base.TestBase.initializeBrowser(TestBase.java:56)
	at com.demoaut.tests.LoginPageTest.setUp(LoginPageTest.java:20)
</failure>
  </testcase>
  <testcase classname="com.demoaut.tests.LoginPageTest" name="verifyLoginPageTitleTest" time="0.677">
    <skipped/>
  </testcase>
  <testcase classname="com.demoaut.tests.LoginPageTest" name="parame" time="0.677">
    <skipped/>
  </testcase>
  <testcase classname="com.demoaut.tests.RegisterPageTest" name="setUp" time="0.681">
    <failure message="The driver executable does not exist: C:\Users\pinou\Documents\QA  tester\JAVA JAR FILES\chromedriver.exe" type="java.lang.IllegalStateException">java.lang.IllegalStateException: The driver executable does not exist: C:\Users\pinou\Documents\QA  tester\JAVA JAR FILES\chromedriver.exe
	at com.google.common.base.Preconditions.checkState(Preconditions.java:585)
	at org.openqa.selenium.remote.service.DriverService.checkExecutable(DriverService.java:146)
	at org.openqa.selenium.remote.service.DriverService.findExecutable(DriverService.java:141)
	at org.openqa.selenium.chrome.ChromeDriverService.access$000(ChromeDriverService.java:35)
	at org.openqa.selenium.chrome.ChromeDriverService$Builder.findDefaultExecutable(ChromeDriverService.java:159)
	at org.openqa.selenium.remote.service.DriverService$Builder.build(DriverService.java:355)
	at org.openqa.selenium.chrome.ChromeDriverService.createDefaultService(ChromeDriverService.java:94)
	at org.openqa.selenium.chrome.ChromeDriver.&lt;init&gt;(ChromeDriver.java:123)
	at com.demoaut.base.TestBase.initializeBrowser(TestBase.java:56)
	at com.demoaut.tests.RegisterPageTest.setUp(RegisterPageTest.java:17)
</failure>
  </testcase>
  <testcase classname="com.demoaut.tests.RegisterPageTest" name="verifyRegisterPageTitleTest" time="0.682">
    <skipped/>
  </testcase>
  <testcase classname="com.demoaut.tests.RegisterPageTest" name="parame" time="0.682">
    <skipped/>
  </testcase>
  <testcase classname="com.demoaut.tests.SelectFlightPageTest" name="setUp" time="0.687">
    <failure message="The driver executable does not exist: C:\Users\pinou\Documents\QA  tester\JAVA JAR FILES\chromedriver.exe" type="java.lang.IllegalStateException">java.lang.IllegalStateException: The driver executable does not exist: C:\Users\pinou\Documents\QA  tester\JAVA JAR FILES\chromedriver.exe
	at com.google.common.base.Preconditions.checkState(Preconditions.java:585)
	at org.openqa.selenium.remote.service.DriverService.checkExecutable(DriverService.java:146)
	at org.openqa.selenium.remote.service.DriverService.findExecutable(DriverService.java:141)
	at org.openqa.selenium.chrome.ChromeDriverService.access$000(ChromeDriverService.java:35)
	at org.openqa.selenium.chrome.ChromeDriverService$Builder.findDefaultExecutable(ChromeDriverService.java:159)
	at org.openqa.selenium.remote.service.DriverService$Builder.build(DriverService.java:355)
	at org.openqa.selenium.chrome.ChromeDriverService.createDefaultService(ChromeDriverService.java:94)
	at org.openqa.selenium.chrome.ChromeDriver.&lt;init&gt;(ChromeDriver.java:123)
	at com.demoaut.base.TestBase.initializeBrowser(TestBase.java:56)
	at com.demoaut.tests.SelectFlightPageTest.setUp(SelectFlightPageTest.java:20)
</failure>
  </testcase>
  <testcase classname="com.demoaut.tests.SelectFlightPageTest" name="verifySelectFlightPageTitleTest" time="0.687">
    <skipped/>
  </testcase>
  <testcase classname="com.demoaut.tests.SelectFlightPageTest" name="parame" time="0.687">
    <skipped/>
  </testcase>
  <testcase classname="com.demoaut.tests.SignOnPageTest" name="setUp" time="0.691">
    <failure message="The driver executable does not exist: C:\Users\pinou\Documents\QA  tester\JAVA JAR FILES\chromedriver.exe" type="java.lang.IllegalStateException">java.lang.IllegalStateException: The driver executable does not exist: C:\Users\pinou\Documents\QA  tester\JAVA JAR FILES\chromedriver.exe
	at com.google.common.base.Preconditions.checkState(Preconditions.java:585)
	at org.openqa.selenium.remote.service.DriverService.checkExecutable(DriverService.java:146)
	at org.openqa.selenium.remote.service.DriverService.findExecutable(DriverService.java:141)
	at org.openqa.selenium.chrome.ChromeDriverService.access$000(ChromeDriverService.java:35)
	at org.openqa.selenium.chrome.ChromeDriverService$Builder.findDefaultExecutable(ChromeDriverService.java:159)
	at org.openqa.selenium.remote.service.DriverService$Builder.build(DriverService.java:355)
	at org.openqa.selenium.chrome.ChromeDriverService.createDefaultService(ChromeDriverService.java:94)
	at org.openqa.selenium.chrome.ChromeDriver.&lt;init&gt;(ChromeDriver.java:123)
	at com.demoaut.base.TestBase.initializeBrowser(TestBase.java:56)
	at com.demoaut.tests.SignOnPageTest.setUp(SignOnPageTest.java:19)
</failure>
  </testcase>
  <testcase classname="com.demoaut.tests.SignOnPageTest" name="verifySignOnPageTitleTest" time="0.691">
    <skipped/>
  </testcase>
  <testcase classname="com.demoaut.tests.SignOnPageTest" name="parame" time="0.691">
    <skipped/>
  </testcase>
  <testcase classname="com.demoaut.tests.FindFlightPageTest" name="setUp" time="0.691">
    <skipped/>
  </testcase>
  <testcase classname="com.demoaut.tests.FindFlightPageTest" name="verifyFlightDetailsLabelTest" time="0.691">
    <skipped/>
  </testcase>
  <testcase classname="com.demoaut.tests.FindFlightPageTest" name="parame" time="0.692">
    <skipped/>
  </testcase>
  <testcase classname="com.demoaut.tests.FindFlightPageTest" name="flush" time="0.752">
    <skipped/>
  </testcase>
</testsuite>